<?xml version="1.0" encoding="UTF-8"?>
<!-- Generated by org.testng.reporters.JUnitReportReporter -->
<testsuite hostname="Varshitha" failures="0" tests="1" name="com.restAssured.admin.DeleteAdmin" time="0.047" errors="0" timestamp="2022-11-02T01:01:54 IST" skipped="0">
  <testcase classname="com.restAssured.admin.DeleteAdmin" name="deleteAdmin" time="0.047"/>
  <system-out/>
</testsuite> <!-- com.restAssured.admin.DeleteAdmin -->
