<?xml version="1.0" encoding="UTF-8"?>
<!-- Generated by org.testng.reporters.JUnitReportReporter -->
<testsuite hostname="Varshitha" failures="0" tests="5" name="com.runnerClass.RunnerController" time="0.227" errors="0" timestamp="2022-11-02T00:52:36 IST" skipped="0">
  <testcase classname="com.runnerClass.RunnerController" name="runScenario" time="0.014"/>
  <system-out/>
  <testcase classname="com.runnerClass.RunnerController" name="runScenario" time="0.019"/>
  <system-out/>
  <testcase classname="com.runnerClass.RunnerController" name="runScenario" time="0.172"/>
  <system-out/>
  <testcase classname="com.runnerClass.RunnerController" name="runScenario" time="0.011"/>
  <system-out/>
  <testcase classname="com.runnerClass.RunnerController" name="runScenario" time="0.011"/>
  <system-out/>
</testsuite> <!-- com.runnerClass.RunnerController -->
