<?xml version="1.0" encoding="UTF-8"?>
<!-- Generated by org.testng.reporters.JUnitReportReporter -->
<testsuite hostname="Varshitha" failures="0" tests="1" name="com.restAssured.admin.GetAdminById" time="0.196" errors="0" timestamp="2022-11-02T01:01:54 IST" skipped="0">
  <testcase classname="com.restAssured.admin.GetAdminById" name="getAdminById" time="0.196"/>
  <system-out/>
</testsuite> <!-- com.restAssured.admin.GetAdminById -->
